{
  "RSpec": {
    "coverage": {
      "/home/nineball/rails-campuscode/cade_buffet/app/helpers/application_helper.rb": {
        "lines": [
          1,
          null
        ]
      },
      "/home/nineball/rails-campuscode/cade_buffet/app/models/accepted_payment_method.rb": {
        "lines": [
          1,
          1,
          1,
          null
        ]
      },
      "/home/nineball/rails-campuscode/cade_buffet/app/models/buffet.rb": {
        "lines": [
          1,
          1,
          null,
          1,
          1,
          1,
          null,
          null,
          null,
          1,
          null,
          null,
          null,
          null,
          null,
          null,
          null,
          null,
          null,
          null,
          1,
          1,
          null,
          1,
          null,
          null,
          1,
          1,
          113,
          null,
          null
        ]
      },
      "/home/nineball/rails-campuscode/cade_buffet/app/models/event_detail.rb": {
        "lines": [
          1,
          1,
          1,
          null
        ]
      },
      "/home/nineball/rails-campuscode/cade_buffet/app/models/event_option.rb": {
        "lines": [
          1,
          1,
          1,
          null,
          1,
          null,
          null,
          null
        ]
      },
      "/home/nineball/rails-campuscode/cade_buffet/app/models/event_price.rb": {
        "lines": [
          1,
          1,
          null,
          1,
          null,
          null,
          null,
          null,
          null,
          1,
          null,
          1,
          null,
          null,
          null,
          null,
          null,
          1,
          null,
          1,
          1,
          66,
          66,
          26,
          26,
          23,
          23,
          null,
          3,
          null,
          null,
          null
        ]
      },
      "/home/nineball/rails-campuscode/cade_buffet/app/models/event_type.rb": {
        "lines": [
          1,
          1,
          1,
          1,
          1,
          1,
          null,
          1,
          null,
          null,
          null,
          null,
          null,
          null,
          null,
          null,
          1,
          null,
          1,
          null,
          null,
          null,
          null,
          null
        ]
      },
      "/home/nineball/rails-campuscode/cade_buffet/app/models/invoice.rb": {
        "lines": [
          1,
          1,
          1,
          1,
          null,
          null,
          1,
          1,
          null,
          1,
          null,
          null,
          null,
          null,
          1,
          1,
          null,
          null,
          1,
          5,
          5,
          5,
          null,
          null,
          1,
          null,
          1,
          5,
          null,
          5,
          0,
          null,
          5,
          0,
          null,
          5,
          null,
          null,
          null,
          5,
          null,
          5,
          0,
          0,
          null,
          null,
          5,
          null,
          null,
          1,
          3,
          3,
          0,
          0,
          null,
          null,
          3,
          0,
          0,
          null,
          null,
          3,
          null,
          null,
          1,
          3,
          3,
          0,
          null,
          3,
          0,
          null,
          null,
          null,
          null,
          1,
          3,
          0,
          0,
          null,
          null,
          null,
          null,
          1,
          3,
          null,
          null,
          null
        ]
      },
      "/home/nineball/rails-campuscode/cade_buffet/app/models/order.rb": {
        "lines": [
          1,
          1,
          1,
          1,
          1,
          1,
          null,
          null,
          null,
          null,
          null,
          null,
          null,
          null,
          1,
          null,
          1,
          null,
          null,
          null,
          null,
          null,
          1,
          null,
          null,
          1,
          1,
          58,
          null,
          null,
          1,
          58,
          3,
          null,
          null,
          null,
          null
        ]
      },
      "/home/nineball/rails-campuscode/cade_buffet/app/models/payment_method.rb": {
        "lines": [
          1,
          1,
          null,
          1,
          1,
          1,
          null
        ]
      },
      "/home/nineball/rails-campuscode/cade_buffet/app/controllers/api/v1/buffets_controller.rb": {
        "lines": [
          1,
          null,
          1,
          2,
          1,
          null,
          null,
          null,
          null,
          null,
          1,
          2,
          2,
          null,
          null,
          1,
          2,
          2,
          1,
          null,
          1,
          1,
          null,
          null,
          null,
          1,
          4,
          4,
          4,
          null,
          4,
          null,
          null,
          null,
          null,
          null,
          4,
          3,
          1,
          null,
          null,
          null,
          null,
          null,
          2,
          1,
          null,
          null,
          null,
          null,
          2,
          1,
          null,
          null,
          null,
          null,
          null,
          null,
          1,
          null,
          null,
          null,
          null,
          null,
          null,
          null,
          1,
          1,
          1,
          1,
          0,
          null,
          1,
          1,
          null,
          0,
          null,
          null,
          null,
          1,
          null,
          1,
          0,
          0,
          null,
          null,
          1,
          null,
          null
        ]
      },
      "/home/nineball/rails-campuscode/cade_buffet/app/controllers/api/v1/api_controller.rb": {
        "lines": [
          1,
          1,
          null,
          null,
          1,
          1,
          1,
          null,
          null
        ]
      },
      "/home/nineball/rails-campuscode/cade_buffet/app/controllers/home_controller.rb": {
        "lines": [
          1,
          null,
          1,
          55,
          14,
          0,
          null,
          41,
          null,
          null,
          1,
          4,
          4,
          6,
          4,
          null,
          null
        ]
      },
      "/home/nineball/rails-campuscode/cade_buffet/app/controllers/application_controller.rb": {
        "lines": [
          1,
          1,
          1,
          null,
          1,
          1,
          27,
          null,
          null,
          1,
          244,
          244,
          244,
          244,
          null,
          null,
          null,
          null,
          null,
          null,
          null,
          null,
          244,
          122,
          122,
          17,
          7,
          null,
          null,
          null,
          null,
          244,
          67,
          0,
          null,
          67,
          1,
          null,
          null,
          null,
          null,
          null,
          null
        ]
      },
      "/home/nineball/rails-campuscode/cade_buffet/app/controllers/buffet_admins/sessions_controller.rb": {
        "lines": [
          null,
          null,
          1,
          null,
          null,
          null,
          null,
          null,
          null,
          null,
          null,
          null,
          null,
          null,
          null,
          null,
          null,
          null,
          null,
          null,
          null,
          null,
          null,
          null,
          null,
          null,
          null
        ]
      },
      "/home/nineball/rails-campuscode/cade_buffet/app/controllers/buffets_controller.rb": {
        "lines": [
          1,
          1,
          null,
          null,
          1,
          0,
          0,
          0,
          null,
          0,
          0,
          null,
          null,
          null,
          1,
          47,
          37,
          null,
          10,
          null,
          47,
          47,
          47,
          1,
          null,
          null,
          1,
          8,
          1,
          1,
          null,
          7,
          7,
          null,
          null,
          1,
          2,
          2,
          2,
          1,
          null,
          1,
          1,
          null,
          null,
          null,
          1,
          5,
          5,
          1,
          null,
          null,
          null,
          1,
          2,
          2,
          1,
          null,
          1,
          1,
          null,
          null,
          null,
          null,
          1,
          1,
          4,
          null,
          null,
          null,
          null,
          null,
          null,
          null,
          null,
          null,
          null,
          null,
          null,
          null,
          null,
          null,
          null,
          null,
          null
        ]
      },
      "/home/nineball/rails-campuscode/cade_buffet/app/controllers/payment_methods_controller.rb": {
        "lines": [
          1,
          1,
          1,
          4,
          4,
          null,
          null,
          1,
          2,
          2,
          2,
          null,
          2,
          2,
          null,
          0,
          0,
          null,
          null,
          null,
          1,
          1,
          2,
          null,
          null,
          null,
          null,
          null
        ]
      },
      "/home/nineball/rails-campuscode/cade_buffet/app/controllers/event_types_controller.rb": {
        "lines": [
          1,
          1,
          1,
          1,
          8,
          8,
          8,
          8,
          8,
          8,
          8,
          7,
          1,
          null,
          null,
          null,
          0,
          null,
          null,
          1,
          5,
          5,
          null,
          null,
          1,
          3,
          null,
          3,
          3,
          3,
          2,
          null,
          1,
          1,
          null,
          null,
          null,
          1,
          1,
          3,
          null,
          null,
          null,
          null,
          null,
          null,
          null,
          null,
          null,
          null,
          null,
          null,
          1,
          8,
          null,
          null
        ]
      },
      "/home/nineball/rails-campuscode/cade_buffet/app/controllers/event_prices_controller.rb": {
        "lines": [
          1,
          1,
          1,
          null,
          1,
          5,
          null,
          null,
          1,
          null,
          4,
          4,
          null,
          4,
          2,
          null,
          2,
          2,
          null,
          null,
          null,
          null,
          1,
          1,
          9,
          9,
          null,
          null,
          1,
          4,
          null,
          null,
          null,
          null,
          null,
          null,
          null,
          null,
          null
        ]
      },
      "/home/nineball/rails-campuscode/cade_buffet/app/controllers/orders_controller.rb": {
        "lines": [
          1,
          1,
          1,
          1,
          1,
          16,
          16,
          16,
          null,
          16,
          0,
          null,
          null,
          16,
          8,
          8,
          null,
          8,
          8,
          8,
          null,
          null,
          null,
          1,
          5,
          null,
          5,
          5,
          null,
          5,
          5,
          5,
          5,
          5,
          5,
          5,
          4,
          null,
          1,
          1,
          null,
          null,
          null,
          null,
          1,
          null,
          null,
          14,
          8,
          8,
          8,
          1,
          null,
          null,
          6,
          5,
          5,
          5,
          5,
          0,
          null,
          null,
          1,
          null,
          null,
          null,
          null,
          1,
          15,
          7,
          null,
          null,
          null,
          null,
          null,
          null,
          null,
          null,
          null,
          8,
          7,
          null,
          null,
          null,
          null,
          null,
          null,
          null,
          null,
          null,
          1,
          null,
          null,
          null,
          null,
          1,
          1,
          1,
          1,
          1,
          1,
          null,
          0,
          0,
          null,
          null,
          0,
          0,
          null,
          null,
          null,
          1,
          1,
          10,
          null,
          null,
          null,
          null,
          null,
          null,
          null,
          1,
          13,
          13,
          13,
          null,
          null,
          1,
          14,
          14,
          4,
          0,
          null,
          null,
          null,
          null
        ]
      },
      "/home/nineball/rails-campuscode/cade_buffet/app/controllers/invoices_controller.rb": {
        "lines": [
          1,
          null,
          1,
          null,
          1,
          2,
          null,
          null,
          1,
          1,
          1,
          1,
          null,
          0,
          0,
          null,
          null,
          null,
          1,
          1,
          3,
          3,
          3,
          3,
          null,
          null,
          1,
          1,
          null,
          null,
          null,
          null,
          null,
          null,
          1,
          1,
          null,
          null
        ]
      },
      "/home/nineball/rails-campuscode/cade_buffet/app/controllers/customers/sessions_controller.rb": {
        "lines": [
          null,
          null,
          1,
          null,
          null,
          null,
          null,
          null,
          null,
          null,
          null,
          null,
          null,
          null,
          null,
          null,
          null,
          null,
          null,
          null,
          null,
          null,
          null,
          null,
          null,
          null,
          null
        ]
      },
      "/home/nineball/rails-campuscode/cade_buffet/app/controllers/buffet_admins/confirmations_controller.rb": {
        "lines": [
          null,
          null,
          0,
          null,
          null,
          null,
          null,
          null,
          null,
          null,
          null,
          null,
          null,
          null,
          null,
          null,
          null,
          null,
          null,
          null,
          null,
          null,
          null,
          null,
          null,
          null,
          null,
          null,
          null,
          0
        ],
        "branches": {
        }
      },
      "/home/nineball/rails-campuscode/cade_buffet/app/controllers/buffet_admins/omniauth_callbacks_controller.rb": {
        "lines": [
          null,
          null,
          0,
          null,
          null,
          null,
          null,
          null,
          null,
          null,
          null,
          null,
          null,
          null,
          null,
          null,
          null,
          null,
          null,
          null,
          null,
          null,
          null,
          null,
          null,
          null,
          null,
          null,
          null,
          0
        ],
        "branches": {
        }
      },
      "/home/nineball/rails-campuscode/cade_buffet/app/controllers/buffet_admins/passwords_controller.rb": {
        "lines": [
          null,
          null,
          0,
          null,
          null,
          null,
          null,
          null,
          null,
          null,
          null,
          null,
          null,
          null,
          null,
          null,
          null,
          null,
          null,
          null,
          null,
          null,
          null,
          null,
          null,
          null,
          null,
          null,
          null,
          null,
          null,
          null,
          null,
          0
        ],
        "branches": {
        }
      },
      "/home/nineball/rails-campuscode/cade_buffet/app/controllers/buffet_admins/registrations_controller.rb": {
        "lines": [
          null,
          null,
          0,
          null,
          null,
          null,
          null,
          null,
          null,
          null,
          null,
          null,
          null,
          null,
          null,
          null,
          null,
          null,
          null,
          null,
          null,
          null,
          null,
          null,
          null,
          null,
          null,
          null,
          null,
          null,
          null,
          null,
          null,
          null,
          null,
          null,
          null,
          null,
          null,
          null,
          null,
          null,
          null,
          null,
          null,
          null,
          null,
          null,
          null,
          null,
          null,
          null,
          null,
          null,
          null,
          null,
          null,
          null,
          null,
          null,
          null,
          0
        ],
        "branches": {
        }
      },
      "/home/nineball/rails-campuscode/cade_buffet/app/controllers/buffet_admins/unlocks_controller.rb": {
        "lines": [
          null,
          null,
          0,
          null,
          null,
          null,
          null,
          null,
          null,
          null,
          null,
          null,
          null,
          null,
          null,
          null,
          null,
          null,
          null,
          null,
          null,
          null,
          null,
          null,
          null,
          null,
          null,
          null,
          null,
          0
        ],
        "branches": {
        }
      },
      "/home/nineball/rails-campuscode/cade_buffet/app/controllers/customers/confirmations_controller.rb": {
        "lines": [
          null,
          null,
          0,
          null,
          null,
          null,
          null,
          null,
          null,
          null,
          null,
          null,
          null,
          null,
          null,
          null,
          null,
          null,
          null,
          null,
          null,
          null,
          null,
          null,
          null,
          null,
          null,
          null,
          null,
          0
        ],
        "branches": {
        }
      },
      "/home/nineball/rails-campuscode/cade_buffet/app/controllers/customers/omniauth_callbacks_controller.rb": {
        "lines": [
          null,
          null,
          0,
          null,
          null,
          null,
          null,
          null,
          null,
          null,
          null,
          null,
          null,
          null,
          null,
          null,
          null,
          null,
          null,
          null,
          null,
          null,
          null,
          null,
          null,
          null,
          null,
          null,
          null,
          0
        ],
        "branches": {
        }
      },
      "/home/nineball/rails-campuscode/cade_buffet/app/controllers/customers/passwords_controller.rb": {
        "lines": [
          null,
          null,
          0,
          null,
          null,
          null,
          null,
          null,
          null,
          null,
          null,
          null,
          null,
          null,
          null,
          null,
          null,
          null,
          null,
          null,
          null,
          null,
          null,
          null,
          null,
          null,
          null,
          null,
          null,
          null,
          null,
          null,
          null,
          0
        ],
        "branches": {
        }
      },
      "/home/nineball/rails-campuscode/cade_buffet/app/controllers/customers/registrations_controller.rb": {
        "lines": [
          null,
          null,
          0,
          null,
          null,
          null,
          null,
          null,
          null,
          null,
          null,
          null,
          null,
          null,
          null,
          null,
          null,
          null,
          null,
          null,
          null,
          null,
          null,
          null,
          null,
          null,
          null,
          null,
          null,
          null,
          null,
          null,
          null,
          null,
          null,
          null,
          null,
          null,
          null,
          null,
          null,
          null,
          null,
          null,
          null,
          null,
          null,
          null,
          null,
          null,
          null,
          null,
          null,
          null,
          null,
          null,
          null,
          null,
          null,
          null,
          null,
          0
        ],
        "branches": {
        }
      },
      "/home/nineball/rails-campuscode/cade_buffet/app/controllers/customers/unlocks_controller.rb": {
        "lines": [
          null,
          null,
          0,
          null,
          null,
          null,
          null,
          null,
          null,
          null,
          null,
          null,
          null,
          null,
          null,
          null,
          null,
          null,
          null,
          null,
          null,
          null,
          null,
          null,
          null,
          null,
          null,
          null,
          null,
          0
        ],
        "branches": {
        }
      },
      "/home/nineball/rails-campuscode/cade_buffet/app/models/application_record.rb": {
        "lines": [
          0,
          0,
          0
        ],
        "branches": {
        }
      },
      "/home/nineball/rails-campuscode/cade_buffet/app/models/buffet_admin.rb": {
        "lines": [
          0,
          0,
          null,
          null,
          0,
          0,
          null,
          0
        ],
        "branches": {
        }
      },
      "/home/nineball/rails-campuscode/cade_buffet/app/models/customer.rb": {
        "lines": [
          0,
          null,
          null,
          0,
          0,
          null,
          0,
          0,
          null,
          0,
          null,
          0,
          0
        ],
        "branches": {
        }
      },
      "/home/nineball/rails-campuscode/cade_buffet/app/validators/cpf_validator.rb": {
        "lines": [
          0,
          0,
          0,
          0,
          null,
          0,
          0,
          0,
          0,
          0,
          0,
          0,
          null,
          0,
          null,
          0,
          0,
          0,
          0,
          0,
          0,
          0,
          0,
          0,
          0,
          0,
          0,
          0,
          0,
          null,
          0,
          null,
          0,
          0,
          0,
          0,
          null,
          null,
          0,
          0,
          0,
          null,
          0,
          0,
          0,
          0,
          0,
          null,
          0,
          null,
          0,
          0,
          null,
          0,
          null,
          0,
          0,
          0,
          0,
          0,
          null,
          0,
          null,
          0,
          0,
          0,
          0,
          null,
          null,
          null,
          null
        ],
        "branches": {
        }
      }
    },
    "timestamp": 1718653905
  }
}
